{"C:\\Users\\Jyhad\\Desktop\\Cours\\Tests-unitaires\\jest\\app.js": {"path":"C:\\Users\\Jyhad\\Desktop\\Cours\\Tests-unitaires\\jest\\app.js","statementMap":{"0":{"start":{"line":2,"column":0},"end":{"line":2,"column":62}},"1":{"start":{"line":3,"column":0},"end":{"line":3,"column":234}},"2":{"start":{"line":4,"column":12},"end":{"line":4,"column":27}},"3":{"start":{"line":4,"column":22},"end":{"line":4,"column":27}},"4":{"start":{"line":5,"column":0},"end":{"line":5,"column":18}},"5":{"start":{"line":7,"column":28},"end":{"line":7,"column":57}},"6":{"start":{"line":7,"column":42},"end":{"line":7,"column":57}},"7":{"start":{"line":8,"column":0},"end":{"line":8,"column":50}},"8":{"start":{"line":10,"column":20},"end":{"line":14,"column":1}},"9":{"start":{"line":11,"column":28},"end":{"line":11,"column":65}},"10":{"start":{"line":12,"column":27},"end":{"line":12,"column":55}},"11":{"start":{"line":13,"column":4},"end":{"line":13,"column":26}},"12":{"start":{"line":15,"column":0},"end":{"line":15,"column":34}},"13":{"start":{"line":17,"column":17},"end":{"line":19,"column":1}},"14":{"start":{"line":18,"column":4},"end":{"line":18,"column":32}},"15":{"start":{"line":20,"column":0},"end":{"line":20,"column":28}},"16":{"start":{"line":22,"column":25},"end":{"line":24,"column":1}},"17":{"start":{"line":23,"column":4},"end":{"line":23,"column":59}},"18":{"start":{"line":23,"column":30},"end":{"line":23,"column":57}},"19":{"start":{"line":25,"column":0},"end":{"line":25,"column":44}},"20":{"start":{"line":26,"column":23},"end":{"line":28,"column":1}},"21":{"start":{"line":27,"column":4},"end":{"line":27,"column":59}},"22":{"start":{"line":27,"column":30},"end":{"line":27,"column":57}},"23":{"start":{"line":29,"column":0},"end":{"line":29,"column":40}},"24":{"start":{"line":30,"column":29},"end":{"line":36,"column":1}},"25":{"start":{"line":31,"column":18},"end":{"line":31,"column":19}},"26":{"start":{"line":32,"column":4},"end":{"line":34,"column":5}},"27":{"start":{"line":33,"column":8},"end":{"line":33,"column":47}},"28":{"start":{"line":35,"column":4},"end":{"line":35,"column":19}},"29":{"start":{"line":37,"column":0},"end":{"line":37,"column":52}},"30":{"start":{"line":38,"column":27},"end":{"line":44,"column":1}},"31":{"start":{"line":39,"column":18},"end":{"line":39,"column":20}},"32":{"start":{"line":40,"column":4},"end":{"line":42,"column":5}},"33":{"start":{"line":41,"column":8},"end":{"line":41,"column":61}},"34":{"start":{"line":43,"column":4},"end":{"line":43,"column":19}},"35":{"start":{"line":45,"column":0},"end":{"line":45,"column":48}},"36":{"start":{"line":46,"column":28},"end":{"line":56,"column":1}},"37":{"start":{"line":47,"column":4},"end":{"line":55,"column":5}},"38":{"start":{"line":48,"column":8},"end":{"line":48,"column":29}},"39":{"start":{"line":50,"column":8},"end":{"line":51,"column":43}},"40":{"start":{"line":51,"column":12},"end":{"line":51,"column":43}},"41":{"start":{"line":52,"column":8},"end":{"line":53,"column":45}},"42":{"start":{"line":53,"column":12},"end":{"line":53,"column":45}},"43":{"start":{"line":54,"column":8},"end":{"line":54,"column":30}},"44":{"start":{"line":57,"column":0},"end":{"line":57,"column":50}}},"fnMap":{"0":{"name":"(anonymous_0)","decl":{"start":{"line":4,"column":12},"end":{"line":4,"column":13}},"loc":{"start":{"line":4,"column":22},"end":{"line":4,"column":27}},"line":4},"1":{"name":"(anonymous_1)","decl":{"start":{"line":7,"column":28},"end":{"line":7,"column":29}},"loc":{"start":{"line":7,"column":42},"end":{"line":7,"column":57}},"line":7},"2":{"name":"(anonymous_2)","decl":{"start":{"line":10,"column":20},"end":{"line":10,"column":21}},"loc":{"start":{"line":10,"column":34},"end":{"line":14,"column":1}},"line":10},"3":{"name":"(anonymous_3)","decl":{"start":{"line":17,"column":17},"end":{"line":17,"column":18}},"loc":{"start":{"line":17,"column":28},"end":{"line":19,"column":1}},"line":17},"4":{"name":"(anonymous_4)","decl":{"start":{"line":22,"column":25},"end":{"line":22,"column":26}},"loc":{"start":{"line":22,"column":34},"end":{"line":24,"column":1}},"line":22},"5":{"name":"(anonymous_5)","decl":{"start":{"line":23,"column":21},"end":{"line":23,"column":22}},"loc":{"start":{"line":23,"column":30},"end":{"line":23,"column":57}},"line":23},"6":{"name":"(anonymous_6)","decl":{"start":{"line":26,"column":23},"end":{"line":26,"column":24}},"loc":{"start":{"line":26,"column":32},"end":{"line":28,"column":1}},"line":26},"7":{"name":"(anonymous_7)","decl":{"start":{"line":27,"column":21},"end":{"line":27,"column":22}},"loc":{"start":{"line":27,"column":30},"end":{"line":27,"column":57}},"line":27},"8":{"name":"(anonymous_8)","decl":{"start":{"line":30,"column":29},"end":{"line":30,"column":30}},"loc":{"start":{"line":30,"column":38},"end":{"line":36,"column":1}},"line":30},"9":{"name":"(anonymous_9)","decl":{"start":{"line":38,"column":27},"end":{"line":38,"column":28}},"loc":{"start":{"line":38,"column":36},"end":{"line":44,"column":1}},"line":38},"10":{"name":"(anonymous_10)","decl":{"start":{"line":46,"column":28},"end":{"line":46,"column":29}},"loc":{"start":{"line":46,"column":37},"end":{"line":56,"column":1}},"line":46}},"branchMap":{"0":{"loc":{"start":{"line":33,"column":8},"end":{"line":33,"column":46}},"type":"cond-expr","locations":[{"start":{"line":33,"column":26},"end":{"line":33,"column":41}},{"start":{"line":33,"column":44},"end":{"line":33,"column":46}}],"line":33},"1":{"loc":{"start":{"line":41,"column":8},"end":{"line":41,"column":60}},"type":"cond-expr","locations":[{"start":{"line":41,"column":40},"end":{"line":41,"column":55}},{"start":{"line":41,"column":58},"end":{"line":41,"column":60}}],"line":41},"2":{"loc":{"start":{"line":47,"column":4},"end":{"line":55,"column":5}},"type":"if","locations":[{"start":{"line":47,"column":4},"end":{"line":55,"column":5}},{"start":{"line":49,"column":9},"end":{"line":55,"column":5}}],"line":47},"3":{"loc":{"start":{"line":50,"column":8},"end":{"line":51,"column":43}},"type":"if","locations":[{"start":{"line":50,"column":8},"end":{"line":51,"column":43}},{"start":{},"end":{}}],"line":50},"4":{"loc":{"start":{"line":52,"column":8},"end":{"line":53,"column":45}},"type":"if","locations":[{"start":{"line":52,"column":8},"end":{"line":53,"column":45}},{"start":{},"end":{}}],"line":52}},"s":{"0":1,"1":1,"2":1,"3":2,"4":1,"5":1,"6":1,"7":1,"8":1,"9":1,"10":1,"11":1,"12":1,"13":1,"14":1,"15":1,"16":1,"17":3,"18":5,"19":1,"20":1,"21":4,"22":7,"23":1,"24":1,"25":2,"26":2,"27":5,"28":2,"29":1,"30":1,"31":2,"32":2,"33":6,"34":2,"35":1,"36":1,"37":4,"38":1,"39":3,"40":1,"41":2,"42":1,"43":1,"44":1},"f":{"0":2,"1":1,"2":1,"3":1,"4":3,"5":5,"6":4,"7":7,"8":2,"9":2,"10":4},"b":{"0":[4,1],"1":[6,0],"2":[1,3],"3":[1,2],"4":[1,1]},"_coverageSchema":"1a1c01bbd47fc00a2c39e90264f33305004495a9","hash":"675f0562ff85df1048742d77247144d91525a974"}
,"C:\\Users\\Jyhad\\Desktop\\Cours\\Tests-unitaires\\jest\\signIn.js": {"path":"C:\\Users\\Jyhad\\Desktop\\Cours\\Tests-unitaires\\jest\\signIn.js","statementMap":{"0":{"start":{"line":1,"column":19},"end":{"line":1,"column":34}},"1":{"start":{"line":2,"column":22},"end":{"line":2,"column":30}},"2":{"start":{"line":5,"column":28},"end":{"line":18,"column":1}},"3":{"start":{"line":6,"column":27},"end":{"line":6,"column":64}},"4":{"start":{"line":7,"column":31},"end":{"line":7,"column":78}},"5":{"start":{"line":9,"column":29},"end":{"line":9,"column":78}},"6":{"start":{"line":11,"column":4},"end":{"line":15,"column":5}},"7":{"start":{"line":12,"column":8},"end":{"line":12,"column":50}},"8":{"start":{"line":14,"column":8},"end":{"line":14,"column":53}},"9":{"start":{"line":17,"column":4},"end":{"line":17,"column":27}},"10":{"start":{"line":21,"column":31},"end":{"line":34,"column":1}},"11":{"start":{"line":22,"column":31},"end":{"line":22,"column":71}},"12":{"start":{"line":23,"column":34},"end":{"line":23,"column":84}},"13":{"start":{"line":25,"column":32},"end":{"line":25,"column":88}},"14":{"start":{"line":27,"column":4},"end":{"line":31,"column":5}},"15":{"start":{"line":28,"column":8},"end":{"line":28,"column":53}},"16":{"start":{"line":30,"column":8},"end":{"line":30,"column":56}},"17":{"start":{"line":33,"column":4},"end":{"line":33,"column":30}},"18":{"start":{"line":37,"column":20},"end":{"line":37,"column":75}},"19":{"start":{"line":37,"column":26},"end":{"line":37,"column":75}},"20":{"start":{"line":40,"column":25},"end":{"line":51,"column":1}},"21":{"start":{"line":41,"column":25},"end":{"line":41,"column":64}},"22":{"start":{"line":43,"column":4},"end":{"line":50,"column":6}},"23":{"start":{"line":44,"column":8},"end":{"line":44,"column":26}},"24":{"start":{"line":46,"column":8},"end":{"line":48,"column":9}},"25":{"start":{"line":47,"column":12},"end":{"line":47,"column":39}},"26":{"start":{"line":49,"column":8},"end":{"line":49,"column":30}}},"fnMap":{"0":{"name":"(anonymous_0)","decl":{"start":{"line":5,"column":28},"end":{"line":5,"column":29}},"loc":{"start":{"line":5,"column":34},"end":{"line":18,"column":1}},"line":5},"1":{"name":"(anonymous_1)","decl":{"start":{"line":21,"column":31},"end":{"line":21,"column":32}},"loc":{"start":{"line":21,"column":37},"end":{"line":34,"column":1}},"line":21},"2":{"name":"(anonymous_2)","decl":{"start":{"line":37,"column":20},"end":{"line":37,"column":21}},"loc":{"start":{"line":37,"column":26},"end":{"line":37,"column":75}},"line":37},"3":{"name":"(anonymous_3)","decl":{"start":{"line":40,"column":25},"end":{"line":40,"column":26}},"loc":{"start":{"line":40,"column":31},"end":{"line":51,"column":1}},"line":40},"4":{"name":"(anonymous_4)","decl":{"start":{"line":43,"column":44},"end":{"line":43,"column":45}},"loc":{"start":{"line":43,"column":51},"end":{"line":50,"column":5}},"line":43}},"branchMap":{"0":{"loc":{"start":{"line":11,"column":4},"end":{"line":15,"column":5}},"type":"if","locations":[{"start":{"line":11,"column":4},"end":{"line":15,"column":5}},{"start":{"line":13,"column":11},"end":{"line":15,"column":5}}],"line":11},"1":{"loc":{"start":{"line":27,"column":4},"end":{"line":31,"column":5}},"type":"if","locations":[{"start":{"line":27,"column":4},"end":{"line":31,"column":5}},{"start":{"line":29,"column":11},"end":{"line":31,"column":5}}],"line":27},"2":{"loc":{"start":{"line":37,"column":26},"end":{"line":37,"column":75}},"type":"binary-expr","locations":[{"start":{"line":37,"column":26},"end":{"line":37,"column":47}},{"start":{"line":37,"column":51},"end":{"line":37,"column":75}}],"line":37},"3":{"loc":{"start":{"line":46,"column":8},"end":{"line":48,"column":9}},"type":"if","locations":[{"start":{"line":46,"column":8},"end":{"line":48,"column":9}},{"start":{},"end":{}}],"line":46}},"s":{"0":1,"1":1,"2":1,"3":2,"4":2,"5":2,"6":0,"7":0,"8":0,"9":0,"10":1,"11":1,"12":1,"13":1,"14":0,"15":0,"16":0,"17":0,"18":1,"19":1,"20":1,"21":1,"22":1,"23":0,"24":0,"25":0,"26":0},"f":{"0":2,"1":1,"2":1,"3":1,"4":0},"b":{"0":[0,0],"1":[0,0],"2":[1,0],"3":[0,0]},"_coverageSchema":"1a1c01bbd47fc00a2c39e90264f33305004495a9","hash":"3afdca526d77a633997267bd43bc29349a3d67a7"}
}
