TN:
SF:app.js
FN:4,(anonymous_0)
FN:7,(anonymous_1)
FN:10,(anonymous_2)
FN:17,(anonymous_3)
FN:22,(anonymous_4)
FN:23,(anonymous_5)
FN:26,(anonymous_6)
FN:27,(anonymous_7)
FN:30,(anonymous_8)
FN:38,(anonymous_9)
FN:46,(anonymous_10)
FNF:11
FNH:11
FNDA:2,(anonymous_0)
FNDA:1,(anonymous_1)
FNDA:1,(anonymous_2)
FNDA:1,(anonymous_3)
FNDA:1,(anonymous_4)
FNDA:2,(anonymous_5)
FNDA:3,(anonymous_6)
FNDA:5,(anonymous_7)
FNDA:2,(anonymous_8)
FNDA:2,(anonymous_9)
FNDA:3,(anonymous_10)
DA:2,1
DA:3,1
DA:4,2
DA:5,1
DA:7,1
DA:8,1
DA:10,1
DA:11,1
DA:12,1
DA:13,1
DA:15,1
DA:17,1
DA:18,1
DA:20,1
DA:22,1
DA:23,2
DA:25,1
DA:26,1
DA:27,5
DA:29,1
DA:30,1
DA:31,2
DA:32,2
DA:33,5
DA:35,2
DA:37,1
DA:38,1
DA:39,2
DA:40,2
DA:41,6
DA:43,2
DA:45,1
DA:46,1
DA:47,3
DA:48,1
DA:50,2
DA:51,1
DA:53,1
DA:56,1
LF:39
LH:39
BRDA:33,0,0,4
BRDA:33,0,1,1
BRDA:41,1,0,6
BRDA:41,1,1,0
BRDA:47,2,0,1
BRDA:47,2,1,2
BRDA:50,3,0,1
BRDA:50,3,1,1
BRF:8
BRH:7
end_of_record
