TN:
SF:app.js
FN:4,(anonymous_0)
FN:7,(anonymous_1)
FN:10,(anonymous_2)
FN:17,(anonymous_3)
FN:22,(anonymous_4)
FN:23,(anonymous_5)
FN:26,(anonymous_6)
FN:27,(anonymous_7)
FN:30,(anonymous_8)
FN:38,(anonymous_9)
FN:46,(anonymous_10)
FNF:11
FNH:11
FNDA:2,(anonymous_0)
FNDA:1,(anonymous_1)
FNDA:1,(anonymous_2)
FNDA:1,(anonymous_3)
FNDA:3,(anonymous_4)
FNDA:5,(anonymous_5)
FNDA:4,(anonymous_6)
FNDA:7,(anonymous_7)
FNDA:2,(anonymous_8)
FNDA:2,(anonymous_9)
FNDA:4,(anonymous_10)
DA:2,1
DA:3,1
DA:4,2
DA:5,1
DA:7,1
DA:8,1
DA:10,1
DA:11,1
DA:12,1
DA:13,1
DA:15,1
DA:17,1
DA:18,1
DA:20,1
DA:22,1
DA:23,5
DA:25,1
DA:26,1
DA:27,7
DA:29,1
DA:30,1
DA:31,2
DA:32,2
DA:33,5
DA:35,2
DA:37,1
DA:38,1
DA:39,2
DA:40,2
DA:41,6
DA:43,2
DA:45,1
DA:46,1
DA:47,4
DA:48,1
DA:50,3
DA:51,1
DA:52,2
DA:53,1
DA:54,1
DA:57,1
LF:41
LH:41
BRDA:33,0,0,4
BRDA:33,0,1,1
BRDA:41,1,0,6
BRDA:41,1,1,0
BRDA:47,2,0,1
BRDA:47,2,1,3
BRDA:50,3,0,1
BRDA:50,3,1,2
BRDA:52,4,0,1
BRDA:52,4,1,1
BRF:10
BRH:9
end_of_record
TN:
SF:signIn.js
FN:7,(anonymous_0)
FN:23,(anonymous_1)
FN:39,(anonymous_2)
FN:42,(anonymous_3)
FN:45,(anonymous_4)
FNF:5
FNH:1
FNDA:0,(anonymous_0)
FNDA:0,(anonymous_1)
FNDA:0,(anonymous_2)
FNDA:5,(anonymous_3)
FNDA:0,(anonymous_4)
DA:3,1
DA:4,1
DA:7,1
DA:8,0
DA:9,0
DA:11,0
DA:13,0
DA:14,0
DA:16,0
DA:19,0
DA:23,1
DA:24,0
DA:25,0
DA:27,0
DA:29,0
DA:30,0
DA:32,0
DA:35,0
DA:39,1
DA:42,1
DA:43,5
DA:45,5
DA:46,0
DA:48,0
DA:49,0
DA:51,0
DA:55,1
DA:56,1
LF:28
LH:10
BRDA:13,0,0,0
BRDA:13,0,1,0
BRDA:29,1,0,0
BRDA:29,1,1,0
BRDA:39,2,0,0
BRDA:39,2,1,0
BRDA:48,3,0,0
BRDA:48,3,1,0
BRF:8
BRH:0
end_of_record
TN:
SF:pages\signIn\index.js
FN:2,(anonymous_0)
FNF:1
FNH:1
FNDA:5,(anonymous_0)
DA:1,1
DA:3,5
LF:2
LH:2
BRF:0
BRH:0
end_of_record
